2020-10-14T10:54:05.856Z,info,htaUtilities,Process,App start up,Success,App start up successfuly
2020-10-14T10:56:04.498Z,info,htaUtilities,Process,/practitioner,Initiate,Start the import CSV file content
2020-10-14T10:58:01.888Z,error,htaUtilities,Stop,Arret brusque du mediateur,Success,Arret anormal du mediateur
2020-10-14T10:58:08.599Z,info,htaUtilities,Process,App start up,Success,App start up successfuly
2020-10-14T10:58:12.238Z,info,htaUtilities,Process,/practitioner,Initiate,Start the import CSV file content
2020-10-14T10:58:12.265Z,info,htaUtilities,Get,readCSVData,Success,Return 32 practitioner
2020-10-14T11:01:11.140Z,error,htaUtilities,Stop,Arret brusque du mediateur,Success,Arret anormal du mediateur
2020-10-14T11:01:13.688Z,info,htaUtilities,Process,App start up,Success,App start up successfuly
2020-10-14T11:01:16.557Z,info,htaUtilities,Process,/practitioner,Initiate,Start the import CSV file content
2020-10-14T11:01:16.595Z,info,htaUtilities,Get,readCSVData,Success,Return 32 practitioner
2020-10-14T11:01:28.900Z,error,htaUtilities,Stop,Arret brusque du mediateur,Success,Arret anormal du mediateur
2020-10-14T11:06:39.502Z,info,htaUtilities,Process,App start up,Success,App start up successfuly
2020-10-14T11:06:48.708Z,info,htaUtilities,Process,/practitioner,Initiate,Start the import CSV file content
2020-10-14T11:06:48.733Z,info,htaUtilities,Get,readCSVData,Success,Return 32 practitioner
2020-10-14T11:11:56.223Z,error,htaUtilities,Stop,Arret brusque du mediateur,Success,Arret anormal du mediateur
2020-10-14T11:11:58.826Z,info,htaUtilities,Process,App start up,Success,App start up successfuly
2020-10-14T11:12:02.091Z,info,htaUtilities,Process,/practitioner,Initiate,Start the import CSV file content
2020-10-14T11:12:02.114Z,info,htaUtilities,Get,readCSVData,Success,Return 32 practitioner
2020-10-14T11:13:19.858Z,error,htaUtilities,Stop,Arret brusque du mediateur,Success,Arret anormal du mediateur
2020-10-14T11:13:22.436Z,info,htaUtilities,Process,App start up,Success,App start up successfuly
2020-10-14T11:13:28.600Z,info,htaUtilities,Process,/practitioner,Initiate,Start the import CSV file content
2020-10-14T11:13:28.621Z,info,htaUtilities,Get,readCSVData,Success,Return 32 practitioner
2020-10-14T11:15:55.506Z,error,htaUtilities,Stop,Arret brusque du mediateur,Success,Arret anormal du mediateur
2020-10-14T11:15:57.869Z,info,htaUtilities,Process,App start up,Success,App start up successfuly
2020-10-14T11:16:06.472Z,info,htaUtilities,Process,/practitioner,Initiate,Start the import CSV file content
2020-10-14T11:16:06.493Z,info,htaUtilities,Get,readCSVData,Success,Return 32 practitioner
2020-10-14T11:40:31.733Z,error,htaUtilities,Stop,Arret brusque du mediateur,Success,Arret anormal du mediateur
2020-10-14T12:40:54.609Z,info,htaUtilities,Process,App start up,Success,App start up successfuly
2020-10-14T12:41:00.737Z,info,htaUtilities,Process,/practitioner,Initiate,Start the import CSV file content
2020-10-14T12:41:00.776Z,info,htaUtilities,Get,readCSVData,Success,Return 32 practitioner
2020-10-14T12:44:22.493Z,error,htaUtilities,Stop,Arret brusque du mediateur,Success,Arret anormal du mediateur
2020-10-14T12:44:25.488Z,info,htaUtilities,Process,App start up,Success,App start up successfuly
2020-10-14T12:44:30.508Z,info,htaUtilities,Process,/practitioner,Initiate,Start the import CSV file content
2020-10-14T12:44:30.557Z,info,htaUtilities,Get,readCSVData,Success,Return 32 practitioner
2020-10-14T13:01:57.331Z,error,htaUtilities,Stop,Arret brusque du mediateur,Success,Arret anormal du mediateur
2020-10-14T13:20:54.487Z,info,htaUtilities,Process,App start up,Success,App start up successfuly
2020-10-14T13:21:03.161Z,info,htaUtilities,Process,/location,Initiate,Start the import CSV file content
2020-10-14T13:21:03.202Z,info,htaUtilities,Get,readCSVData,Success,Return 32 practitioner
2020-10-14T13:21:28.258Z,error,htaUtilities,Stop,Arret brusque du mediateur,Success,Arret anormal du mediateur
2020-10-14T13:21:29.947Z,info,htaUtilities,Process,App start up,Success,App start up successfuly
2020-10-14T13:21:32.061Z,info,htaUtilities,Process,/location,Initiate,Start the import CSV file content
2020-10-14T13:21:32.114Z,info,htaUtilities,Get,readCSVData,Success,Return 32 practitioner
2020-10-14T13:26:05.298Z,error,htaUtilities,Stop,Arret brusque du mediateur,Success,Arret anormal du mediateur
2020-10-14T13:39:31.231Z,info,htaUtilities,Process,App start up,Success,App start up successfuly
2020-10-14T13:39:41.449Z,info,htaUtilities,Process,/location,Initiate,Start the import CSV file content
2020-10-14T13:39:41.464Z,info,htaUtilities,Get,readCSVData,Success,Return 32 practitioner
2020-10-14T13:40:10.417Z,error,htaUtilities,Stop,Arret brusque du mediateur,Success,Arret anormal du mediateur
2020-10-14T13:40:13.005Z,info,htaUtilities,Process,App start up,Success,App start up successfuly
2020-10-14T13:40:17.262Z,info,htaUtilities,Process,/location,Initiate,Start the import CSV file content
2020-10-14T13:40:17.281Z,info,htaUtilities,Get,readCSVData,Success,Return 32 practitioner
2020-10-14T15:41:49.363Z,error,htaUtilities,Stop,Arret brusque du mediateur,Success,Arret anormal du mediateur
2020-10-14T15:41:51.625Z,info,htaUtilities,Process,App start up,Success,App start up successfuly
2020-10-14T15:41:54.979Z,info,htaUtilities,Process,/location,Initiate,Start the import CSV file content
2020-10-14T15:41:55.020Z,info,htaUtilities,Get,readCSVData,Success,Return 32 practitioner
2020-10-14T16:42:05.690Z,error,htaUtilities,Stop,Arret brusque du mediateur,Success,Arret anormal du mediateur
2020-10-14T16:42:08.081Z,info,htaUtilities,Process,App start up,Success,App start up successfuly
2020-10-14T16:42:20.643Z,error,htaUtilities,Stop,Arret brusque du mediateur,Success,Arret anormal du mediateur
2020-10-14T16:43:43.009Z,info,htaUtilities,Process,App start up,Success,App start up successfuly
2020-10-14T16:43:56.541Z,info,htaUtilities,Process,/Job-ValueSet,Initiate,Start the import CSV file content
2020-10-14T16:43:56.565Z,info,htaUtilities,Get,readCSVData,Success,Return 32 practitioner
2020-10-14T16:44:57.816Z,error,htaUtilities,Stop,Arret brusque du mediateur,Success,Arret anormal du mediateur
2020-10-14T16:45:00.424Z,info,htaUtilities,Process,App start up,Success,App start up successfuly
2020-10-14T16:45:04.172Z,info,htaUtilities,Process,/Job-ValueSet,Initiate,Start the import CSV file content
2020-10-14T16:45:04.194Z,info,htaUtilities,Get,readCSVData,Success,Return 32 practitioner
2020-10-14T16:47:42.528Z,error,htaUtilities,Stop,Arret brusque du mediateur,Success,Arret anormal du mediateur
2020-10-14T16:47:45.001Z,info,htaUtilities,Process,App start up,Success,App start up successfuly
2020-10-14T16:47:50.949Z,info,htaUtilities,Process,/Job-ValueSet,Initiate,Start the import CSV file content
2020-10-14T16:47:50.970Z,info,htaUtilities,Get,readCSVData,Success,Return 32 practitioner
2020-10-14T16:49:10.343Z,info,htaUtilities,Process,/Job-ValueSet,Initiate,Start the import CSV file content
2020-10-14T16:49:10.349Z,info,htaUtilities,Get,readCSVData,Success,Return 32 practitioner
2020-10-14T16:49:25.612Z,error,htaUtilities,Stop,Arret brusque du mediateur,Success,Arret anormal du mediateur
2020-10-14T16:49:27.884Z,info,htaUtilities,Process,App start up,Success,App start up successfuly
2020-10-14T16:49:29.965Z,info,htaUtilities,Process,/Job-ValueSet,Initiate,Start the import CSV file content
2020-10-14T16:49:29.993Z,info,htaUtilities,Get,readCSVData,Success,Return 32 practitioner
2020-10-14T16:53:57.789Z,error,htaUtilities,Stop,Arret brusque du mediateur,Success,Arret anormal du mediateur
